<?xml version="1.0" encoding="UTF-8"?>
<!-- Generated by org.testng.reporters.JUnitReportReporter -->
<testsuite hostname="OmkarUpadhye" failures="0" tests="1" name="TestPackage.AddVotePopularModelDiablo" time="5.980" errors="0" timestamp="2021-05-02T17:54:29 NZST" skipped="0">
  <testcase classname="TestPackage.AddVotePopularModelDiablo" name="addVoteDiablo" time="5.980"/>
  <system-out/>
</testsuite> <!-- TestPackage.AddVotePopularModelDiablo -->
