<?xml version="1.0" encoding="UTF-8"?>
<!-- Generated by org.testng.reporters.JUnitReportReporter -->
<testsuite hostname="OmkarUpadhye" failures="0" tests="1" name="TestPackage.VerifyAddVoteWithoutLogin" time="11.603" errors="0" timestamp="2021-05-02T11:08:01 NZST" skipped="0">
  <testcase classname="TestPackage.VerifyAddVoteWithoutLogin" name="f" time="11.603"/>
  <system-out/>
</testsuite> <!-- TestPackage.VerifyAddVoteWithoutLogin -->
