<?xml version="1.0" encoding="UTF-8"?>
<!-- Generated by org.testng.reporters.JUnitReportReporter -->
<testsuite hostname="OmkarUpadhye" failures="0" tests="1" name="TestPackage.Registration" time="1.228" errors="0" timestamp="2021-05-02T18:08:29 NZST" skipped="0">
  <testcase classname="TestPackage.Registration" name="verifyRegistration" time="1.228"/>
  <system-out/>
</testsuite> <!-- TestPackage.Registration -->
