<?xml version="1.0" encoding="UTF-8"?>
<!-- Generated by org.testng.reporters.JUnitReportReporter -->
<testsuite hostname="OmkarUpadhye" failures="0" tests="1" name="TestPackage.LoginWithChangedPassword" time="12.863" errors="0" timestamp="2021-05-02T17:54:29 NZST" skipped="0">
  <testcase classname="TestPackage.LoginWithChangedPassword" name="loginWthChangedPwd" time="12.863"/>
  <system-out/>
</testsuite> <!-- TestPackage.LoginWithChangedPassword -->
