<?xml version="1.0" encoding="UTF-8"?>
<!-- Generated by org.testng.reporters.JUnitReportReporter -->
<testsuite hostname="OmkarUpadhye" failures="0" tests="1" name="TestPackage.AddVoteWithoutLogin" time="13.136" errors="0" timestamp="2021-05-02T17:54:29 NZST" skipped="0">
  <testcase classname="TestPackage.AddVoteWithoutLogin" name="verifyAddvote" time="13.136"/>
  <system-out/>
</testsuite> <!-- TestPackage.AddVoteWithoutLogin -->
