<?xml version="1.0" encoding="UTF-8"?>
<!-- Generated by org.testng.reporters.JUnitReportReporter -->
<testsuite hostname="OmkarUpadhye" failures="0" tests="1" name="TestPackage.AddVoteRegisteredModel_Lancia_Delta" time="9.100" errors="0" timestamp="2021-05-02T18:18:05 NZST" skipped="0">
  <testcase classname="TestPackage.AddVoteRegisteredModel_Lancia_Delta" name="addVoteLanciaDelta" time="9.100"/>
  <system-out/>
</testsuite> <!-- TestPackage.AddVoteRegisteredModel_Lancia_Delta -->
