<?xml version="1.0" encoding="UTF-8"?>
<!-- Generated by org.testng.reporters.JUnitReportReporter -->
<testsuite hostname="OmkarUpadhye" failures="0" tests="1" name="TestPackage.VerifyRegistration" time="1.067" errors="0" timestamp="2021-05-02T10:54:20 NZST" skipped="0">
  <testcase classname="TestPackage.VerifyRegistration" name="verifyRegistration" time="1.067"/>
  <system-out/>
</testsuite> <!-- TestPackage.VerifyRegistration -->
